c:\users\borys\desktop\nyzhnyk mariia\bilder\bilder\x64\release\vc143.pdb
c:\users\borys\desktop\nyzhnyk mariia\bilder\bilder\x64\release\.netframework,version=v4.7.2.assemblyattributes.obj
c:\users\borys\desktop\nyzhnyk mariia\bilder\bilder\x64\release\main.obj
c:\users\borys\desktop\nyzhnyk mariia\bilder\x64\release\bilder.exe
c:\users\borys\desktop\nyzhnyk mariia\bilder\bilder\x64\release\bilder.vcxproj.assemblyreference.cache
c:\users\borys\desktop\nyzhnyk mariia\bilder\bilder\x64\release\bilder.vcxproj.generateresource.cache
c:\users\borys\desktop\nyzhnyk mariia\bilder\bilder\x64\release\bilder.vcxproj.suggestedbindingredirects.cache
c:\users\borys\desktop\nyzhnyk mariia\bilder\bilder\x64\release\bilder.main.resources
c:\users\borys\desktop\nyzhnyk mariia\bilder\x64\release\bilder.pdb
c:\users\borys\desktop\nyzhnyk mariia\bilder\bilder\x64\release\bilder.tlog\cl.command.1.tlog
c:\users\borys\desktop\nyzhnyk mariia\bilder\bilder\x64\release\bilder.tlog\cl.read.1.tlog
c:\users\borys\desktop\nyzhnyk mariia\bilder\bilder\x64\release\bilder.tlog\cl.write.1.tlog
c:\users\borys\desktop\nyzhnyk mariia\bilder\bilder\x64\release\bilder.tlog\link.10936-cvtres.read.1.tlog
c:\users\borys\desktop\nyzhnyk mariia\bilder\bilder\x64\release\bilder.tlog\link.10936-cvtres.write.1.tlog
c:\users\borys\desktop\nyzhnyk mariia\bilder\bilder\x64\release\bilder.tlog\link.10936-rc.read.1.tlog
c:\users\borys\desktop\nyzhnyk mariia\bilder\bilder\x64\release\bilder.tlog\link.10936-rc.write.1.tlog
c:\users\borys\desktop\nyzhnyk mariia\bilder\bilder\x64\release\bilder.tlog\link.10936.read.1.tlog
c:\users\borys\desktop\nyzhnyk mariia\bilder\bilder\x64\release\bilder.tlog\link.10936.read.2.tlog
c:\users\borys\desktop\nyzhnyk mariia\bilder\bilder\x64\release\bilder.tlog\link.10936.write.1.tlog
c:\users\borys\desktop\nyzhnyk mariia\bilder\bilder\x64\release\bilder.tlog\link.5532.read.1.tlog
c:\users\borys\desktop\nyzhnyk mariia\bilder\bilder\x64\release\bilder.tlog\link.5532.read.2.tlog
c:\users\borys\desktop\nyzhnyk mariia\bilder\bilder\x64\release\bilder.tlog\link.5532.write.1.tlog
c:\users\borys\desktop\nyzhnyk mariia\bilder\bilder\x64\release\bilder.tlog\link.command.1.tlog
c:\users\borys\desktop\nyzhnyk mariia\bilder\bilder\x64\release\bilder.tlog\link.read.1.tlog
c:\users\borys\desktop\nyzhnyk mariia\bilder\bilder\x64\release\bilder.tlog\link.read.2.tlog
c:\users\borys\desktop\nyzhnyk mariia\bilder\bilder\x64\release\bilder.tlog\link.write.1.tlog
c:\users\borys\desktop\nyzhnyk mariia\bilder\bilder\x64\release\bilder.tlog\metagen.read.1.tlog
c:\users\borys\desktop\nyzhnyk mariia\bilder\bilder\x64\release\bilder.tlog\metagen.write.1.tlog
c:\users\borys\desktop\nyzhnyk mariia\bilder\bilder\x64\release\bilder.tlog\resgen.command.1.tlog
c:\users\borys\desktop\nyzhnyk mariia\bilder\bilder\x64\release\bilder.tlog\resgen.read.1.tlog
c:\users\borys\desktop\nyzhnyk mariia\bilder\bilder\x64\release\bilder.tlog\resgen.write.1.tlog
