C:\Program Files\Microsoft Visual Studio\2022\Community\MSBuild\Microsoft\VC\v170\Microsoft.CppBuild.targets(531,5): warning MSB8028: The intermediate directory (x64\Debug\) contains files shared from another project (Bilder.vcxproj).  This can lead to incorrect clean and rebuild behavior.
  Main.cpp
D:\Programing\GitHub\University\First-Year\Semestr 2\Lab 7 - GraphBuilder\Bilder\Main.cpp(110,44): warning C4244: 'return': conversion from 'double' to 'int', possible loss of data
D:\Programing\GitHub\University\First-Year\Semestr 2\Lab 7 - GraphBuilder\Bilder\Main.cpp(145,54): warning C4244: 'argument': conversion from 'double' to 'float', possible loss of data
D:\Programing\GitHub\University\First-Year\Semestr 2\Lab 7 - GraphBuilder\Bilder\Main.cpp(151,77): warning C4244: 'argument': conversion from 'double' to 'float', possible loss of data
D:\Programing\GitHub\University\First-Year\Semestr 2\Lab 7 - GraphBuilder\Bilder\Main.cpp(151,55): warning C4244: 'argument': conversion from 'double' to 'float', possible loss of data
D:\Programing\GitHub\University\First-Year\Semestr 2\Lab 7 - GraphBuilder\Bilder\Main.cpp(152,66): warning C4244: 'argument': conversion from 'double' to 'float', possible loss of data
D:\Programing\GitHub\University\First-Year\Semestr 2\Lab 7 - GraphBuilder\Bilder\Main.cpp(152,46): warning C4244: 'argument': conversion from 'double' to 'float', possible loss of data
D:\Programing\GitHub\University\First-Year\Semestr 2\Lab 7 - GraphBuilder\Bilder\Main.cpp(164,15): warning C4244: 'argument': conversion from 'int' to 'float', possible loss of data
D:\Programing\GitHub\University\First-Year\Semestr 2\Lab 7 - GraphBuilder\Bilder\Main.cpp(171,16): warning C4244: 'initializing': conversion from 'double' to 'int', possible loss of data
D:\Programing\GitHub\University\First-Year\Semestr 2\Lab 7 - GraphBuilder\Bilder\Main.cpp(374,10): warning C4101: 'fn': unreferenced local variable
D:\Programing\GitHub\University\First-Year\Semestr 2\Lab 7 - GraphBuilder\Bilder\Main.cpp(374,6): warning C4101: 'st': unreferenced local variable
D:\Programing\GitHub\University\First-Year\Semestr 2\Lab 7 - GraphBuilder\Bilder\Main.cpp(500,18): warning C4244: 'initializing': conversion from 'double' to 'int', possible loss of data
D:\Programing\GitHub\University\First-Year\Semestr 2\Lab 7 - GraphBuilder\Bilder\Main.cpp(848,32): warning C4267: '=': conversion from 'size_t' to 'int', possible loss of data
D:\Programing\GitHub\University\First-Year\Semestr 2\Lab 7 - GraphBuilder\Bilder\Main.cpp(1065,33): warning C4267: '=': conversion from 'size_t' to 'int', possible loss of data
  weighted_graph_edge.cpp
  Generating Code...
D:\Programing\GitHub\University\First-Year\Semestr 2\Lab 7 - GraphBuilder\Bilder\Main.cpp(91,1): warning C4715: 'IdSelected': not all control paths return a value
  input_weighted_edge.obj : MSIL module encountered; incremental linking is disabled for MSIL; performing full link
  Bilder.vcxproj -> D:\Programing\GitHub\University\First-Year\Semestr 2\Lab 7 - GraphBuilder\x64\Debug\Lab 7 - GraphBuilder.exe
